<?xml version="1.0" encoding="UTF-8"?>
<!-- Generated by org.testng.reporters.JUnitXMLReporter -->
<testsuite ignored="0" hostname="sunil" failures="0" tests="1" name="Test-runner2" time="45.038" errors="0" timestamp="2024-01-04T08:38:01 IST">
  <testcase classname="cartTest.AddtoCart" name="addtocaredsmartphone" time="11.059"/>
</testsuite> <!-- Test-runner2 -->
