<?xml version="1.0" encoding="UTF-8"?>
<!-- Generated by org.testng.reporters.JUnitXMLReporter -->
<testsuite ignored="1" hostname="sunil" failures="0" tests="1" name="Test-runner2" time="37.045" errors="0" timestamp="2024-01-24T13:28:56 IST">
  <testcase classname="cartTest.AddtoCartTest" name="addtocaredsmartphone" time="8.498"/>
  <testcase classname="cartTest.AddtoCartTest" name="dummy" time="0.0">
    <ignored/>
  </testcase> <!-- dummy -->
</testsuite> <!-- Test-runner2 -->
