<?xml version="1.0" encoding="UTF-8"?>
<!-- Generated by org.testng.reporters.JUnitXMLReporter -->
<testsuite ignored="0" hostname="sunil" failures="0" tests="1" name="Test-runner1" time="37.718" errors="0" timestamp="2024-01-04T08:37:54 IST">
  <testcase classname="cartTest.AddtoCart" name="addtocaredsmartphone" time="10.149"/>
</testsuite> <!-- Test-runner1 -->
