<?xml version="1.0" encoding="UTF-8"?>
<!-- Generated by org.testng.reporters.JUnitXMLReporter -->
<testsuite ignored="1" hostname="sunil" failures="0" tests="1" name="Test-runner1" time="37.061" errors="0" timestamp="2024-01-24T13:28:56 IST">
  <testcase classname="cartTest.AddtoCartTest" name="addtocaredsmartphone" time="11.163"/>
  <testcase classname="cartTest.AddtoCartTest" name="dummy" time="0.0">
    <ignored/>
  </testcase> <!-- dummy -->
</testsuite> <!-- Test-runner1 -->
