<?xml version="1.0" encoding="UTF-8"?>
<!-- Generated by org.testng.reporters.JUnitReportReporter -->
<testsuite hostname="sunil" failures="0" tests="2" name="cartTest.AddtoCart" time="50.633" errors="0" timestamp="2024-01-04T08:38:01 IST" skipped="0">
  <testcase classname="cartTest.AddtoCart" name="addtocaredsmartphone" time="24.322"/>
  <system-out/>
  <testcase classname="cartTest.AddtoCart" name="addtocaredsmartphone" time="26.311"/>
  <system-out/>
</testsuite> <!-- cartTest.AddtoCart -->
