<?xml version="1.0" encoding="UTF-8"?>
<!-- Generated by org.testng.reporters.JUnitReportReporter -->
<testsuite hostname="sunil" failures="0" tests="1" name="practice.ReaddataFromCmdLine" time="0.010" errors="0" timestamp="2024-01-16T07:41:37 IST" skipped="0">
  <testcase classname="practice.ReaddataFromCmdLine" name="sample" time="0.010"/>
  <system-out/>
</testsuite> <!-- practice.ReaddataFromCmdLine -->
