<?xml version="1.0" encoding="UTF-8"?>
<!-- Generated by org.testng.reporters.JUnitReportReporter -->
<testsuite hostname="sunil" failures="0" tests="2" name="cartTest.AddtoCartTest" time="28.342" errors="0" timestamp="2024-01-25T07:18:29 IST" skipped="1">
  <testcase classname="cartTest.AddtoCartTest" name="addtocaredsmartphone" time="28.342"/>
  <system-out/>
  <testcase classname="cartTest.AddtoCartTest" name="dummy">
    <skipped/>
  </testcase> <!-- dummy -->
  <system-out/>
</testsuite> <!-- cartTest.AddtoCartTest -->
