<?xml version="1.0" encoding="UTF-8"?>
<!-- Generated by org.testng.reporters.JUnitReportReporter -->
<testsuite hostname="sunil" failures="0" tests="3" name="practice.TestNGpractice" time="0.017" errors="0" timestamp="28 Dec 2023 03:00:01 GMT">
  <testcase classname="practice.TestNGpractice" name="delete" time="0.001"/>
  <testcase classname="practice.TestNGpractice" name="create" time="0.002"/>
  <testcase classname="practice.TestNGpractice" name="Modify" time="0.014"/>
</testsuite> <!-- practice.TestNGpractice -->
